#! /usr/bin/vvp
:ivl_version "10.3 (stable)";
:ivl_delay_selection "TYPICAL";
:vpi_time_precision + 0;
:vpi_module "system";
:vpi_module "vhdl_sys";
:vpi_module "v2005_math";
:vpi_module "va_math";
S_0x56488ab2bda0 .scope module, "top" "top" 2 18;
 .timescale 0 0;
    .port_info 0 /INPUT 2 "top_A"
    .port_info 1 /INPUT 2 "top_B"
    .port_info 2 /OUTPUT 2 "top_ret"
L_0x7f448cbf0060 .functor BUFT 1, C4<11>, C4<0>, C4<0>, C4<0>;
v0x56488ab3cfe0_0 .net/2u *"_s0", 1 0, L_0x7f448cbf0060;  1 drivers
L_0x7f448cbf00a8 .functor BUFT 1, C4<00>, C4<0>, C4<0>, C4<0>;
v0x56488ab3d0c0_0 .net/2u *"_s2", 1 0, L_0x7f448cbf00a8;  1 drivers
L_0x7f448cbf00f0 .functor BUFT 1, C4<01>, C4<0>, C4<0>, C4<0>;
v0x56488ab3d1a0_0 .net/2u *"_s6", 1 0, L_0x7f448cbf00f0;  1 drivers
v0x56488ab3d260_0 .net "a_inter", 1 0, L_0x56488ab3daa0;  1 drivers
v0x56488ab3d350_0 .net "flag", 0 0, v0x56488ab3cd70_0;  1 drivers
o0x7f448cc39228 .functor BUFZ 2, C4<zz>; HiZ drive
v0x56488ab3d440_0 .net "top_A", 1 0, o0x7f448cc39228;  0 drivers
o0x7f448cc39078 .functor BUFZ 2, C4<zz>; HiZ drive
v0x56488ab3d4e0_0 .net "top_B", 1 0, o0x7f448cc39078;  0 drivers
v0x56488ab3d5d0_0 .net "top_ret", 1 0, L_0x56488ab3d8e0;  1 drivers
L_0x56488ab3d8e0 .functor MUXZ 2, L_0x7f448cbf00a8, L_0x7f448cbf0060, v0x56488ab3cd70_0, C4<>;
L_0x56488ab3daa0 .arith/sum 2, o0x7f448cc39228, L_0x7f448cbf00f0;
S_0x56488ab2bf70 .scope module, "scfa_demo_i" "scfa_demo" 2 23, 2 1 0, S_0x56488ab2bda0;
 .timescale 0 0;
    .port_info 0 /INPUT 2 "A"
    .port_info 1 /INPUT 2 "B"
    .port_info 2 /OUTPUT 1 "Result"
v0x56488aaf5080_0 .net "A", 1 0, L_0x56488ab3daa0;  alias, 1 drivers
v0x56488ab3cbf0_0 .net "A_is_Max", 0 0, L_0x56488ab3d740;  1 drivers
v0x56488ab3ccb0_0 .net "B", 1 0, o0x7f448cc39078;  alias, 0 drivers
v0x56488ab3cd70_0 .var "Result", 0 0;
L_0x7f448cbf0018 .functor BUFT 1, C4<11>, C4<0>, C4<0>, C4<0>;
v0x56488ab3ce30_0 .net/2u *"_s0", 1 0, L_0x7f448cbf0018;  1 drivers
E_0x56488ab2c790 .event edge, v0x56488ab3ccb0_0, v0x56488aaf5080_0;
L_0x56488ab3d740 .cmp/eq 2, L_0x56488ab3daa0, L_0x7f448cbf0018;
    .scope S_0x56488ab2bf70;
T_0 ;
    %wait E_0x56488ab2c790;
    %load/vec4 v0x56488ab3ccb0_0;
    %load/vec4 v0x56488aaf5080_0;
    %cmp/u;
    %jmp/0xz  T_0.0, 5;
    %pushi/vec4 1, 0, 1;
    %store/vec4 v0x56488ab3cd70_0, 0, 1;
    %jmp T_0.1;
T_0.0 ;
    %load/vec4 v0x56488ab3cbf0_0;
    %flag_set/vec4 8;
    %jmp/0xz  T_0.2, 8;
    %pushi/vec4 1, 0, 1;
    %store/vec4 v0x56488ab3cd70_0, 0, 1;
    %jmp T_0.3;
T_0.2 ;
    %pushi/vec4 0, 0, 1;
    %store/vec4 v0x56488ab3cd70_0, 0, 1;
T_0.3 ;
T_0.1 ;
    %jmp T_0;
    .thread T_0, $push;
# The file index is used to find the file name in the following table.
:file_names 3;
    "N/A";
    "<interactive>";
    "preprocess.v";
